<?xml version="1.0" encoding="UTF-8"?>
<!-- Generated by org.testng.reporters.JUnitReportReporter -->
<testsuite hostname="Dizerc" name="com.main.test.Saplingtest" tests="1" failures="0" timestamp="26 Oct 2018 07:31:46 GMT" time="16.423" errors="0">
  <testcase name="login" time="16.423" classname="com.main.test.Saplingtest"/>
</testsuite> <!-- com.main.test.Saplingtest -->
